<?xml version="1.0" encoding="UTF-8"?>
<!-- Generated by org.testng.reporters.JUnitXMLReporter -->
<testsuite ignored="2" hostname="DESKTOP-7TDIRJN" failures="0" tests="2" name="Test" time="0.07" errors="0" timestamp="2024-03-01T18:50:03 IST">
  <testcase classname="PraticePackage.DemoPraticeTest" name="praticeTest" time="0.013"/>
  <testcase classname="PraticePackage.SamplePraticeTest" name="praticeTest" time="0.002"/>
  <testcase classname="PraticePackage.MavenPraticeTest1" name="praticeTestsample" time="0.0">
    <ignored/>
  </testcase> <!-- praticeTestsample -->
  <testcase classname="PraticePackage.MavenPraticeTest1" name="praticeTest" time="0.0">
    <ignored/>
  </testcase> <!-- praticeTest -->
</testsuite> <!-- Test -->
