<?xml version="1.0" encoding="UTF-8"?>
<testng-results ignored="2" total="4" passed="2" failed="0" skipped="0">
  <reporter-output>
  </reporter-output>
  <suite started-at="2024-03-01T18:50:03 IST" name="Suite" finished-at="2024-03-01T18:50:03 IST" duration-ms="70">
    <groups>
      <group name="smoke">
        <method signature="DemoPraticeTest.praticeTest()[pri:0, instance:PraticePackage.DemoPraticeTest@293a5bf6]" name="praticeTest" class="PraticePackage.DemoPraticeTest"/>
        <method signature="SamplePraticeTest.praticeTest()[pri:0, instance:PraticePackage.SamplePraticeTest@55b699ef]" name="praticeTest" class="PraticePackage.SamplePraticeTest"/>
      </group> <!-- smoke -->
    </groups>
    <test started-at="2024-03-01T18:50:03 IST" name="Test" finished-at="2024-03-01T18:50:03 IST" duration-ms="70">
      <class name="PraticePackage.SamplePraticeTest">
        <test-method signature="praticeTest()[pri:0, instance:PraticePackage.SamplePraticeTest@55b699ef]" started-at="2024-03-01T18:50:03 IST" name="praticeTest" finished-at="2024-03-01T18:50:03 IST" duration-ms="2" status="PASS">
          <reporter-output>
          </reporter-output>
        </test-method> <!-- praticeTest -->
      </class> <!-- PraticePackage.SamplePraticeTest -->
      <class name="PraticePackage.DemoPraticeTest">
        <test-method signature="praticeTest()[pri:0, instance:PraticePackage.DemoPraticeTest@293a5bf6]" started-at="2024-03-01T18:50:03 IST" name="praticeTest" finished-at="2024-03-01T18:50:03 IST" duration-ms="13" status="PASS">
          <reporter-output>
          </reporter-output>
        </test-method> <!-- praticeTest -->
      </class> <!-- PraticePackage.DemoPraticeTest -->
    </test> <!-- Test -->
  </suite> <!-- Suite -->
</testng-results>
